  [1m[35m (0.8ms)[0m  [1m[35mCREATE TABLE "schema_migrations" ("version" varchar NOT NULL PRIMARY KEY)[0m
  [1m[35m (0.6ms)[0m  [1m[35mCREATE TABLE "ar_internal_metadata" ("key" varchar NOT NULL PRIMARY KEY, "value" varchar, "created_at" datetime(6) NOT NULL, "updated_at" datetime(6) NOT NULL)[0m
  [1m[36mActiveRecord::SchemaMigration Pluck (0.1ms)[0m  [1m[34mSELECT "schema_migrations"."version" FROM "schema_migrations" ORDER BY "schema_migrations"."version" ASC[0m
Migrating to CreateUsers (20230322074133)
  [1m[36mTRANSACTION (0.0ms)[0m  [1m[36mbegin transaction[0m
  [1m[35m (0.3ms)[0m  [1m[35mCREATE TABLE "users" ("id" integer PRIMARY KEY AUTOINCREMENT NOT NULL, "username" varchar NOT NULL, "email" varchar NOT NULL, "password_digest" varchar NOT NULL, "created_at" datetime(6) NOT NULL, "updated_at" datetime(6) NOT NULL)[0m
  [1m[36mActiveRecord::SchemaMigration Create (0.2ms)[0m  [1m[32mINSERT INTO "schema_migrations" ("version") VALUES (?)[0m  [["version", "20230322074133"]]
  [1m[36mTRANSACTION (0.6ms)[0m  [1m[36mcommit transaction[0m
  [1m[36mActiveRecord::InternalMetadata Load (0.1ms)[0m  [1m[34mSELECT "ar_internal_metadata".* FROM "ar_internal_metadata" WHERE "ar_internal_metadata"."key" = ? LIMIT ?[0m  [["key", "environment"], ["LIMIT", 1]]
  [1m[36mTRANSACTION (0.0ms)[0m  [1m[36mbegin transaction[0m
  [1m[36mActiveRecord::InternalMetadata Create (0.4ms)[0m  [1m[32mINSERT INTO "ar_internal_metadata" ("key", "value", "created_at", "updated_at") VALUES (?, ?, ?, ?)[0m  [["key", "environment"], ["value", "development"], ["created_at", "2023-03-22 07:52:30.803494"], ["updated_at", "2023-03-22 07:52:30.803494"]]
  [1m[36mTRANSACTION (0.6ms)[0m  [1m[36mcommit transaction[0m
  [1m[36mActiveRecord::SchemaMigration Pluck (0.1ms)[0m  [1m[34mSELECT "schema_migrations"."version" FROM "schema_migrations" ORDER BY "schema_migrations"."version" ASC[0m
Started POST "/users" for 127.0.0.1 at 2023-03-22 11:39:06 +0300
  [1m[36mActiveRecord::SchemaMigration Pluck (0.1ms)[0m  [1m[34mSELECT "schema_migrations"."version" FROM "schema_migrations" ORDER BY "schema_migrations"."version" ASC[0m
  
SyntaxError (/Users/feisalbireh/Development/code/phase4/task_train/api/app/controllers/users_controller.rb:17: syntax error, unexpected ',', expecting '}'
...       params.permit{:username, :email, :password}
...                              ^
):
  
app/controllers/users_controller.rb:17: syntax error, unexpected ',', expecting '}'
app/controllers/users_controller.rb:17: syntax error, unexpected ',', expecting '}'
Error occurred while parsing request parameters.
Contents:

{
  "username": "Feisal Bireh"
  "email": "mail@moringaschool.com"
  "password_digest": "1234422"
}
Started POST "/users" for 127.0.0.1 at 2023-03-22 11:40:14 +0300
  
SyntaxError (/Users/feisalbireh/Development/code/phase4/task_train/api/app/controllers/users_controller.rb:17: syntax error, unexpected ',', expecting '}'
...       params.permit{:username, :email, :password}
...                              ^
):
  
app/controllers/users_controller.rb:17: syntax error, unexpected ',', expecting '}'
app/controllers/users_controller.rb:17: syntax error, unexpected ',', expecting '}'
Started POST "/users" for 127.0.0.1 at 2023-03-22 11:41:22 +0300
  
SyntaxError (/Users/feisalbireh/Development/code/phase4/task_train/api/app/controllers/users_controller.rb:17: syntax error, unexpected ',', expecting '}'
...       params.permit{:username, :email, :password}
...                              ^
):
  
app/controllers/users_controller.rb:17: syntax error, unexpected ',', expecting '}'
app/controllers/users_controller.rb:17: syntax error, unexpected ',', expecting '}'
Started POST "/users" for 127.0.0.1 at 2023-03-22 11:42:25 +0300
Processing by UsersController#register as */*
  Parameters: {"username"=>"Feisal Bireh", "email"=>"mail@moringaschool.com", "password_digest"=>"[FILTERED]", "user"=>{"username"=>"Feisal Bireh", "email"=>"mail@moringaschool.com", "password_digest"=>"[FILTERED]"}}
[31mUnpermitted parameters: :password_digest, :user. Context: { controller: UsersController, action: register, request: #<ActionDispatch::Request:0x0000000143312bc8>, params: {"username"=>"Feisal Bireh", "email"=>"mail@moringaschool.com", "password_digest"=>"[FILTERED]", "controller"=>"users", "action"=>"register", "user"=>{"username"=>"Feisal Bireh", "email"=>"mail@moringaschool.com", "password_digest"=>"[FILTERED]"}} }[0m
  [1m[36mTRANSACTION (0.1ms)[0m  [1m[36mbegin transaction[0m
  ↳ app/controllers/users_controller.rb:4:in `register'
  [1m[36mUser Exists? (0.2ms)[0m  [1m[34mSELECT 1 AS one FROM "users" WHERE "users"."username" IS NULL LIMIT ?[0m  [["LIMIT", 1]]
  ↳ app/controllers/users_controller.rb:4:in `register'
  [1m[36mUser Exists? (0.1ms)[0m  [1m[34mSELECT 1 AS one FROM "users" WHERE "users"."email" IS NULL LIMIT ?[0m  [["LIMIT", 1]]
  ↳ app/controllers/users_controller.rb:4:in `register'
  [1m[36mTRANSACTION (0.1ms)[0m  [1m[31mrollback transaction[0m
  ↳ app/controllers/users_controller.rb:4:in `register'
  [1m[36mUser Exists? (0.1ms)[0m  [1m[34mSELECT 1 AS one FROM "users" WHERE "users"."username" IS NULL LIMIT ?[0m  [["LIMIT", 1]]
  ↳ app/controllers/users_controller.rb:5:in `register'
  [1m[36mUser Exists? (0.1ms)[0m  [1m[34mSELECT 1 AS one FROM "users" WHERE "users"."email" IS NULL LIMIT ?[0m  [["LIMIT", 1]]
  ↳ app/controllers/users_controller.rb:5:in `register'
Completed 500 Internal Server Error in 126ms (ActiveRecord: 11.8ms | Allocations: 44309)


  
NameError (undefined local variable or method `users' for #<UsersController:0x0000000000e9c0>
Did you mean?  user):
  
app/controllers/users_controller.rb:10:in `register'
Started POST "/users" for 127.0.0.1 at 2023-03-22 11:43:21 +0300
Processing by UsersController#register as */*
  Parameters: {"username"=>"Feisal Bireh", "email"=>"mail@moringaschool.com", "password_digest"=>"[FILTERED]", "user"=>{"username"=>"Feisal Bireh", "email"=>"mail@moringaschool.com", "password_digest"=>"[FILTERED]"}}
[31mUnpermitted parameters: :password_digest, :user. Context: { controller: UsersController, action: register, request: #<ActionDispatch::Request:0x00000001434888e0>, params: {"username"=>"Feisal Bireh", "email"=>"mail@moringaschool.com", "password_digest"=>"[FILTERED]", "controller"=>"users", "action"=>"register", "user"=>{"username"=>"Feisal Bireh", "email"=>"mail@moringaschool.com", "password_digest"=>"[FILTERED]"}} }[0m
  [1m[36mTRANSACTION (0.0ms)[0m  [1m[36mbegin transaction[0m
  ↳ app/controllers/users_controller.rb:4:in `register'
  [1m[36mUser Exists? (0.3ms)[0m  [1m[34mSELECT 1 AS one FROM "users" WHERE "users"."username" = ? LIMIT ?[0m  [["username", "Feisal Bireh"], ["LIMIT", 1]]
  ↳ app/controllers/users_controller.rb:4:in `register'
  [1m[36mUser Exists? (0.1ms)[0m  [1m[34mSELECT 1 AS one FROM "users" WHERE "users"."email" = ? LIMIT ?[0m  [["email", "mail@moringaschool.com"], ["LIMIT", 1]]
  ↳ app/controllers/users_controller.rb:4:in `register'
  [1m[36mTRANSACTION (0.0ms)[0m  [1m[31mrollback transaction[0m
  ↳ app/controllers/users_controller.rb:4:in `register'
  [1m[36mUser Exists? (0.1ms)[0m  [1m[34mSELECT 1 AS one FROM "users" WHERE "users"."username" = ? LIMIT ?[0m  [["username", "Feisal Bireh"], ["LIMIT", 1]]
  ↳ app/controllers/users_controller.rb:5:in `register'
  [1m[36mUser Exists? (0.1ms)[0m  [1m[34mSELECT 1 AS one FROM "users" WHERE "users"."email" = ? LIMIT ?[0m  [["email", "mail@moringaschool.com"], ["LIMIT", 1]]
  ↳ app/controllers/users_controller.rb:5:in `register'
Completed 500 Internal Server Error in 11ms (ActiveRecord: 1.1ms | Allocations: 7796)


  
NameError (undefined local variable or method `users' for #<UsersController:0x00000000011f08>
Did you mean?  user):
  
app/controllers/users_controller.rb:10:in `register'
Started POST "/users" for 127.0.0.1 at 2023-03-22 11:44:25 +0300
Processing by UsersController#register as */*
  Parameters: {"username"=>"Feisal Bireh", "email"=>"mail@moringaschool.com", "password_digest"=>"[FILTERED]", "user"=>{"username"=>"Feisal Bireh", "email"=>"mail@moringaschool.com", "password_digest"=>"[FILTERED]"}}
[31mUnpermitted parameters: :password_digest, :user. Context: { controller: UsersController, action: register, request: #<ActionDispatch::Request:0x0000000115083c78>, params: {"username"=>"Feisal Bireh", "email"=>"mail@moringaschool.com", "password_digest"=>"[FILTERED]", "controller"=>"users", "action"=>"register", "user"=>{"username"=>"Feisal Bireh", "email"=>"mail@moringaschool.com", "password_digest"=>"[FILTERED]"}} }[0m
  [1m[36mTRANSACTION (0.0ms)[0m  [1m[36mbegin transaction[0m
  ↳ app/controllers/users_controller.rb:4:in `register'
  [1m[36mUser Exists? (0.3ms)[0m  [1m[34mSELECT 1 AS one FROM "users" WHERE "users"."username" = ? LIMIT ?[0m  [["username", "Feisal Bireh"], ["LIMIT", 1]]
  ↳ app/controllers/users_controller.rb:4:in `register'
  [1m[36mUser Exists? (0.1ms)[0m  [1m[34mSELECT 1 AS one FROM "users" WHERE "users"."email" = ? LIMIT ?[0m  [["email", "mail@moringaschool.com"], ["LIMIT", 1]]
  ↳ app/controllers/users_controller.rb:4:in `register'
  [1m[36mTRANSACTION (0.0ms)[0m  [1m[31mrollback transaction[0m
  ↳ app/controllers/users_controller.rb:4:in `register'
  [1m[36mUser Exists? (0.1ms)[0m  [1m[34mSELECT 1 AS one FROM "users" WHERE "users"."username" = ? LIMIT ?[0m  [["username", "Feisal Bireh"], ["LIMIT", 1]]
  ↳ app/controllers/users_controller.rb:5:in `register'
  [1m[36mUser Exists? (0.1ms)[0m  [1m[34mSELECT 1 AS one FROM "users" WHERE "users"."email" = ? LIMIT ?[0m  [["email", "mail@moringaschool.com"], ["LIMIT", 1]]
  ↳ app/controllers/users_controller.rb:5:in `register'
Completed 422 Unprocessable Entity in 45ms (Views: 35.5ms | ActiveRecord: 1.7ms | Allocations: 9322)


Started POST "/users" for 127.0.0.1 at 2023-03-22 11:44:39 +0300
Processing by UsersController#register as */*
  Parameters: {"username"=>"Feisal Bireh", "email"=>"mail@moringaschool.com", "password"=>"[FILTERED]", "user"=>{"username"=>"Feisal Bireh", "email"=>"mail@moringaschool.com"}}
[31mUnpermitted parameter: :user. Context: { controller: UsersController, action: register, request: #<ActionDispatch::Request:0x00000001343c48c8>, params: {"username"=>"Feisal Bireh", "email"=>"mail@moringaschool.com", "password"=>"[FILTERED]", "controller"=>"users", "action"=>"register", "user"=>{"username"=>"Feisal Bireh", "email"=>"mail@moringaschool.com"}} }[0m
  [1m[36mTRANSACTION (0.1ms)[0m  [1m[36mbegin transaction[0m
  ↳ app/controllers/users_controller.rb:4:in `register'
  [1m[36mUser Exists? (0.2ms)[0m  [1m[34mSELECT 1 AS one FROM "users" WHERE "users"."username" = ? LIMIT ?[0m  [["username", "Feisal Bireh"], ["LIMIT", 1]]
  ↳ app/controllers/users_controller.rb:4:in `register'
  [1m[36mUser Exists? (0.1ms)[0m  [1m[34mSELECT 1 AS one FROM "users" WHERE "users"."email" = ? LIMIT ?[0m  [["email", "mail@moringaschool.com"], ["LIMIT", 1]]
  ↳ app/controllers/users_controller.rb:4:in `register'
  [1m[36mTRANSACTION (0.0ms)[0m  [1m[31mrollback transaction[0m
  ↳ app/controllers/users_controller.rb:4:in `register'
  [1m[36mUser Exists? (0.2ms)[0m  [1m[34mSELECT 1 AS one FROM "users" WHERE "users"."username" = ? LIMIT ?[0m  [["username", "Feisal Bireh"], ["LIMIT", 1]]
  ↳ app/controllers/users_controller.rb:5:in `register'
  [1m[36mUser Exists? (0.1ms)[0m  [1m[34mSELECT 1 AS one FROM "users" WHERE "users"."email" = ? LIMIT ?[0m  [["email", "mail@moringaschool.com"], ["LIMIT", 1]]
  ↳ app/controllers/users_controller.rb:5:in `register'
Completed 422 Unprocessable Entity in 446ms (Views: 0.5ms | ActiveRecord: 0.7ms | Allocations: 4253)


Started POST "/users" for 127.0.0.1 at 2023-03-22 11:44:52 +0300
Processing by UsersController#register as */*
  Parameters: {"username"=>"Feisal", "email"=>"mail@moringaschool.com", "password"=>"[FILTERED]", "user"=>{"username"=>"Feisal", "email"=>"mail@moringaschool.com"}}
[31mUnpermitted parameter: :user. Context: { controller: UsersController, action: register, request: #<ActionDispatch::Request:0x00000001462344d8>, params: {"username"=>"Feisal", "email"=>"mail@moringaschool.com", "password"=>"[FILTERED]", "controller"=>"users", "action"=>"register", "user"=>{"username"=>"Feisal", "email"=>"mail@moringaschool.com"}} }[0m
  [1m[36mTRANSACTION (0.1ms)[0m  [1m[36mbegin transaction[0m
  ↳ app/controllers/users_controller.rb:4:in `register'
  [1m[36mUser Exists? (0.1ms)[0m  [1m[34mSELECT 1 AS one FROM "users" WHERE "users"."username" = ? LIMIT ?[0m  [["username", "Feisal"], ["LIMIT", 1]]
  ↳ app/controllers/users_controller.rb:4:in `register'
  [1m[36mUser Exists? (0.0ms)[0m  [1m[34mSELECT 1 AS one FROM "users" WHERE "users"."email" = ? LIMIT ?[0m  [["email", "mail@moringaschool.com"], ["LIMIT", 1]]
  ↳ app/controllers/users_controller.rb:4:in `register'
  [1m[36mUser Create (0.8ms)[0m  [1m[32mINSERT INTO "users" ("username", "email", "password_digest", "created_at", "updated_at") VALUES (?, ?, ?, ?, ?)[0m  [["username", "Feisal"], ["email", "mail@moringaschool.com"], ["password_digest", "[FILTERED]"], ["created_at", "2023-03-22 08:44:52.994778"], ["updated_at", "2023-03-22 08:44:52.994778"]]
  ↳ app/controllers/users_controller.rb:4:in `register'
  [1m[36mTRANSACTION (0.6ms)[0m  [1m[36mcommit transaction[0m
  ↳ app/controllers/users_controller.rb:4:in `register'
  [1m[36mUser Exists? (0.3ms)[0m  [1m[34mSELECT 1 AS one FROM "users" WHERE "users"."username" = ? AND "users"."id" != ? LIMIT ?[0m  [["username", "Feisal"], ["id", 1], ["LIMIT", 1]]
  ↳ app/controllers/users_controller.rb:5:in `register'
  [1m[36mUser Exists? (0.2ms)[0m  [1m[34mSELECT 1 AS one FROM "users" WHERE "users"."email" = ? AND "users"."id" != ? LIMIT ?[0m  [["email", "mail@moringaschool.com"], ["id", 1], ["LIMIT", 1]]
  ↳ app/controllers/users_controller.rb:5:in `register'
Completed 500 Internal Server Error in 412ms (ActiveRecord: 2.0ms | Allocations: 6691)


  
NameError (undefined local variable or method `created' for #<UsersController:0x00000000015388>):
  
app/controllers/users_controller.rb:7:in `register'
Started POST "/users" for 127.0.0.1 at 2023-03-22 11:45:19 +0300
Processing by UsersController#register as */*
  Parameters: {"username"=>"Feisal", "email"=>"mail@moringaschool.com", "password"=>"[FILTERED]", "user"=>{"username"=>"Feisal", "email"=>"mail@moringaschool.com"}}
[31mUnpermitted parameter: :user. Context: { controller: UsersController, action: register, request: #<ActionDispatch::Request:0x00000001434ea590>, params: {"username"=>"Feisal", "email"=>"mail@moringaschool.com", "password"=>"[FILTERED]", "controller"=>"users", "action"=>"register", "user"=>{"username"=>"Feisal", "email"=>"mail@moringaschool.com"}} }[0m
  [1m[36mTRANSACTION (0.1ms)[0m  [1m[36mbegin transaction[0m
  ↳ app/controllers/users_controller.rb:4:in `register'
  [1m[36mUser Exists? (0.2ms)[0m  [1m[34mSELECT 1 AS one FROM "users" WHERE "users"."username" = ? LIMIT ?[0m  [["username", "Feisal"], ["LIMIT", 1]]
  ↳ app/controllers/users_controller.rb:4:in `register'
  [1m[36mUser Exists? (0.0ms)[0m  [1m[34mSELECT 1 AS one FROM "users" WHERE "users"."email" = ? LIMIT ?[0m  [["email", "mail@moringaschool.com"], ["LIMIT", 1]]
  ↳ app/controllers/users_controller.rb:4:in `register'
  [1m[36mTRANSACTION (0.0ms)[0m  [1m[31mrollback transaction[0m
  ↳ app/controllers/users_controller.rb:4:in `register'
  [1m[36mUser Exists? (0.1ms)[0m  [1m[34mSELECT 1 AS one FROM "users" WHERE "users"."username" = ? LIMIT ?[0m  [["username", "Feisal"], ["LIMIT", 1]]
  ↳ app/controllers/users_controller.rb:5:in `register'
  [1m[36mUser Exists? (0.1ms)[0m  [1m[34mSELECT 1 AS one FROM "users" WHERE "users"."email" = ? LIMIT ?[0m  [["email", "mail@moringaschool.com"], ["LIMIT", 1]]
  ↳ app/controllers/users_controller.rb:5:in `register'
Completed 422 Unprocessable Entity in 401ms (Views: 0.8ms | ActiveRecord: 1.5ms | Allocations: 6637)


Started POST "/users" for 127.0.0.1 at 2023-03-22 11:45:41 +0300
Processing by UsersController#register as */*
  Parameters: {"username"=>"tdiysr", "email"=>"maihfoyuul@moringaschool.com", "password"=>"[FILTERED]", "user"=>{"username"=>"tdiysr", "email"=>"maihfoyuul@moringaschool.com"}}
[31mUnpermitted parameter: :user. Context: { controller: UsersController, action: register, request: #<ActionDispatch::Request:0x0000000114a1f1c0>, params: {"username"=>"tdiysr", "email"=>"maihfoyuul@moringaschool.com", "password"=>"[FILTERED]", "controller"=>"users", "action"=>"register", "user"=>{"username"=>"tdiysr", "email"=>"maihfoyuul@moringaschool.com"}} }[0m
  [1m[36mTRANSACTION (0.1ms)[0m  [1m[36mbegin transaction[0m
  ↳ app/controllers/users_controller.rb:4:in `register'
  [1m[36mUser Exists? (0.1ms)[0m  [1m[34mSELECT 1 AS one FROM "users" WHERE "users"."username" = ? LIMIT ?[0m  [["username", "tdiysr"], ["LIMIT", 1]]
  ↳ app/controllers/users_controller.rb:4:in `register'
  [1m[36mUser Exists? (0.0ms)[0m  [1m[34mSELECT 1 AS one FROM "users" WHERE "users"."email" = ? LIMIT ?[0m  [["email", "maihfoyuul@moringaschool.com"], ["LIMIT", 1]]
  ↳ app/controllers/users_controller.rb:4:in `register'
  [1m[36mUser Create (0.4ms)[0m  [1m[32mINSERT INTO "users" ("username", "email", "password_digest", "created_at", "updated_at") VALUES (?, ?, ?, ?, ?)[0m  [["username", "tdiysr"], ["email", "maihfoyuul@moringaschool.com"], ["password_digest", "[FILTERED]"], ["created_at", "2023-03-22 08:45:41.680269"], ["updated_at", "2023-03-22 08:45:41.680269"]]
  ↳ app/controllers/users_controller.rb:4:in `register'
  [1m[36mTRANSACTION (0.6ms)[0m  [1m[36mcommit transaction[0m
  ↳ app/controllers/users_controller.rb:4:in `register'
  [1m[36mUser Exists? (0.1ms)[0m  [1m[34mSELECT 1 AS one FROM "users" WHERE "users"."username" = ? AND "users"."id" != ? LIMIT ?[0m  [["username", "tdiysr"], ["id", 2], ["LIMIT", 1]]
  ↳ app/controllers/users_controller.rb:5:in `register'
  [1m[36mUser Exists? (0.1ms)[0m  [1m[34mSELECT 1 AS one FROM "users" WHERE "users"."email" = ? AND "users"."id" != ? LIMIT ?[0m  [["email", "maihfoyuul@moringaschool.com"], ["id", 2], ["LIMIT", 1]]
  ↳ app/controllers/users_controller.rb:5:in `register'
Completed 201 Created in 407ms (Views: 0.3ms | ActiveRecord: 1.5ms | Allocations: 4656)


Started POST "/users" for 127.0.0.1 at 2023-03-22 11:46:09 +0300
Processing by UsersController#register as */*
  Parameters: {"username"=>"tdiysr", "email"=>"maihfoyuul@moringaschool.com", "password_digest"=>"[FILTERED]", "user"=>{"username"=>"tdiysr", "email"=>"maihfoyuul@moringaschool.com", "password_digest"=>"[FILTERED]"}}
[31mUnpermitted parameters: :password_digest, :user. Context: { controller: UsersController, action: register, request: #<ActionDispatch::Request:0x00000001435b3e40>, params: {"username"=>"tdiysr", "email"=>"maihfoyuul@moringaschool.com", "password_digest"=>"[FILTERED]", "controller"=>"users", "action"=>"register", "user"=>{"username"=>"tdiysr", "email"=>"maihfoyuul@moringaschool.com", "password_digest"=>"[FILTERED]"}} }[0m
  [1m[36mTRANSACTION (0.1ms)[0m  [1m[36mbegin transaction[0m
  ↳ app/controllers/users_controller.rb:4:in `register'
  [1m[36mUser Exists? (0.3ms)[0m  [1m[34mSELECT 1 AS one FROM "users" WHERE "users"."username" = ? LIMIT ?[0m  [["username", "tdiysr"], ["LIMIT", 1]]
  ↳ app/controllers/users_controller.rb:4:in `register'
  [1m[36mUser Exists? (0.1ms)[0m  [1m[34mSELECT 1 AS one FROM "users" WHERE "users"."email" = ? LIMIT ?[0m  [["email", "maihfoyuul@moringaschool.com"], ["LIMIT", 1]]
  ↳ app/controllers/users_controller.rb:4:in `register'
  [1m[36mTRANSACTION (0.0ms)[0m  [1m[31mrollback transaction[0m
  ↳ app/controllers/users_controller.rb:4:in `register'
  [1m[36mUser Exists? (0.2ms)[0m  [1m[34mSELECT 1 AS one FROM "users" WHERE "users"."username" = ? LIMIT ?[0m  [["username", "tdiysr"], ["LIMIT", 1]]
  ↳ app/controllers/users_controller.rb:5:in `register'
  [1m[36mUser Exists? (0.1ms)[0m  [1m[34mSELECT 1 AS one FROM "users" WHERE "users"."email" = ? LIMIT ?[0m  [["email", "maihfoyuul@moringaschool.com"], ["LIMIT", 1]]
  ↳ app/controllers/users_controller.rb:5:in `register'
Completed 422 Unprocessable Entity in 8ms (Views: 1.1ms | ActiveRecord: 0.8ms | Allocations: 4761)


Started POST "/users" for 127.0.0.1 at 2023-03-22 11:46:18 +0300
Processing by UsersController#register as */*
  Parameters: {"username"=>"tdiysr", "email"=>"maihfoyuul@moringaschool.com", "password"=>"[FILTERED]", "user"=>{"username"=>"tdiysr", "email"=>"maihfoyuul@moringaschool.com"}}
[31mUnpermitted parameter: :user. Context: { controller: UsersController, action: register, request: #<ActionDispatch::Request:0x0000000134405968>, params: {"username"=>"tdiysr", "email"=>"maihfoyuul@moringaschool.com", "password"=>"[FILTERED]", "controller"=>"users", "action"=>"register", "user"=>{"username"=>"tdiysr", "email"=>"maihfoyuul@moringaschool.com"}} }[0m
  [1m[36mTRANSACTION (0.0ms)[0m  [1m[36mbegin transaction[0m
  ↳ app/controllers/users_controller.rb:4:in `register'
  [1m[36mUser Exists? (0.2ms)[0m  [1m[34mSELECT 1 AS one FROM "users" WHERE "users"."username" = ? LIMIT ?[0m  [["username", "tdiysr"], ["LIMIT", 1]]
  ↳ app/controllers/users_controller.rb:4:in `register'
  [1m[36mUser Exists? (0.0ms)[0m  [1m[34mSELECT 1 AS one FROM "users" WHERE "users"."email" = ? LIMIT ?[0m  [["email", "maihfoyuul@moringaschool.com"], ["LIMIT", 1]]
  ↳ app/controllers/users_controller.rb:4:in `register'
  [1m[36mTRANSACTION (0.0ms)[0m  [1m[31mrollback transaction[0m
  ↳ app/controllers/users_controller.rb:4:in `register'
  [1m[36mUser Exists? (0.1ms)[0m  [1m[34mSELECT 1 AS one FROM "users" WHERE "users"."username" = ? LIMIT ?[0m  [["username", "tdiysr"], ["LIMIT", 1]]
  ↳ app/controllers/users_controller.rb:5:in `register'
  [1m[36mUser Exists? (0.1ms)[0m  [1m[34mSELECT 1 AS one FROM "users" WHERE "users"."email" = ? LIMIT ?[0m  [["email", "maihfoyuul@moringaschool.com"], ["LIMIT", 1]]
  ↳ app/controllers/users_controller.rb:5:in `register'
Completed 422 Unprocessable Entity in 405ms (Views: 0.7ms | ActiveRecord: 0.4ms | Allocations: 4501)


Started POST "/users" for 127.0.0.1 at 2023-03-22 11:46:21 +0300
Processing by UsersController#register as */*
  Parameters: {"username"=>"tdiysr", "email"=>"maihfoyuul@moringaschool.com", "password"=>"[FILTERED]", "user"=>{"username"=>"tdiysr", "email"=>"maihfoyuul@moringaschool.com"}}
[31mUnpermitted parameter: :user. Context: { controller: UsersController, action: register, request: #<ActionDispatch::Request:0x0000000114b2f0d8>, params: {"username"=>"tdiysr", "email"=>"maihfoyuul@moringaschool.com", "password"=>"[FILTERED]", "controller"=>"users", "action"=>"register", "user"=>{"username"=>"tdiysr", "email"=>"maihfoyuul@moringaschool.com"}} }[0m
  [1m[36mTRANSACTION (0.0ms)[0m  [1m[36mbegin transaction[0m
  ↳ app/controllers/users_controller.rb:4:in `register'
  [1m[36mUser Exists? (0.1ms)[0m  [1m[34mSELECT 1 AS one FROM "users" WHERE "users"."username" = ? LIMIT ?[0m  [["username", "tdiysr"], ["LIMIT", 1]]
  ↳ app/controllers/users_controller.rb:4:in `register'
  [1m[36mUser Exists? (0.0ms)[0m  [1m[34mSELECT 1 AS one FROM "users" WHERE "users"."email" = ? LIMIT ?[0m  [["email", "maihfoyuul@moringaschool.com"], ["LIMIT", 1]]
  ↳ app/controllers/users_controller.rb:4:in `register'
  [1m[36mTRANSACTION (0.0ms)[0m  [1m[31mrollback transaction[0m
  ↳ app/controllers/users_controller.rb:4:in `register'
  [1m[36mUser Exists? (0.1ms)[0m  [1m[34mSELECT 1 AS one FROM "users" WHERE "users"."username" = ? LIMIT ?[0m  [["username", "tdiysr"], ["LIMIT", 1]]
  ↳ app/controllers/users_controller.rb:5:in `register'
  [1m[36mUser Exists? (0.1ms)[0m  [1m[34mSELECT 1 AS one FROM "users" WHERE "users"."email" = ? LIMIT ?[0m  [["email", "maihfoyuul@moringaschool.com"], ["LIMIT", 1]]
  ↳ app/controllers/users_controller.rb:5:in `register'
Completed 422 Unprocessable Entity in 404ms (Views: 0.7ms | ActiveRecord: 0.4ms | Allocations: 4505)


Started POST "/users" for 127.0.0.1 at 2023-03-22 11:46:43 +0300
Processing by UsersController#register as */*
  Parameters: {"username"=>"tdiysr", "email"=>"mail@howtf.com", "password"=>"[FILTERED]", "user"=>{"username"=>"tdiysr", "email"=>"mail@howtf.com"}}
[31mUnpermitted parameter: :user. Context: { controller: UsersController, action: register, request: #<ActionDispatch::Request:0x0000000143688d70>, params: {"username"=>"tdiysr", "email"=>"mail@howtf.com", "password"=>"[FILTERED]", "controller"=>"users", "action"=>"register", "user"=>{"username"=>"tdiysr", "email"=>"mail@howtf.com"}} }[0m
  [1m[36mTRANSACTION (0.1ms)[0m  [1m[36mbegin transaction[0m
  ↳ app/controllers/users_controller.rb:4:in `register'
  [1m[36mUser Exists? (0.1ms)[0m  [1m[34mSELECT 1 AS one FROM "users" WHERE "users"."username" = ? LIMIT ?[0m  [["username", "tdiysr"], ["LIMIT", 1]]
  ↳ app/controllers/users_controller.rb:4:in `register'
  [1m[36mUser Exists? (0.0ms)[0m  [1m[34mSELECT 1 AS one FROM "users" WHERE "users"."email" = ? LIMIT ?[0m  [["email", "mail@howtf.com"], ["LIMIT", 1]]
  ↳ app/controllers/users_controller.rb:4:in `register'
  [1m[36mTRANSACTION (0.0ms)[0m  [1m[31mrollback transaction[0m
  ↳ app/controllers/users_controller.rb:4:in `register'
  [1m[36mUser Exists? (0.1ms)[0m  [1m[34mSELECT 1 AS one FROM "users" WHERE "users"."username" = ? LIMIT ?[0m  [["username", "tdiysr"], ["LIMIT", 1]]
  ↳ app/controllers/users_controller.rb:5:in `register'
  [1m[36mUser Exists? (0.2ms)[0m  [1m[34mSELECT 1 AS one FROM "users" WHERE "users"."email" = ? LIMIT ?[0m  [["email", "mail@howtf.com"], ["LIMIT", 1]]
  ↳ app/controllers/users_controller.rb:5:in `register'
Completed 422 Unprocessable Entity in 404ms (Views: 0.6ms | ActiveRecord: 0.6ms | Allocations: 4204)


Started POST "/users" for 127.0.0.1 at 2023-03-22 11:46:54 +0300
Processing by UsersController#register as */*
  Parameters: {"username"=>"daadadad", "email"=>"mail@howtf.com", "password"=>"[FILTERED]", "user"=>{"username"=>"daadadad", "email"=>"mail@howtf.com"}}
[31mUnpermitted parameter: :user. Context: { controller: UsersController, action: register, request: #<ActionDispatch::Request:0x0000000143701ec8>, params: {"username"=>"daadadad", "email"=>"mail@howtf.com", "password"=>"[FILTERED]", "controller"=>"users", "action"=>"register", "user"=>{"username"=>"daadadad", "email"=>"mail@howtf.com"}} }[0m
  [1m[36mTRANSACTION (0.1ms)[0m  [1m[36mbegin transaction[0m
  ↳ app/controllers/users_controller.rb:4:in `register'
  [1m[36mUser Exists? (0.1ms)[0m  [1m[34mSELECT 1 AS one FROM "users" WHERE "users"."username" = ? LIMIT ?[0m  [["username", "daadadad"], ["LIMIT", 1]]
  ↳ app/controllers/users_controller.rb:4:in `register'
  [1m[36mUser Exists? (0.0ms)[0m  [1m[34mSELECT 1 AS one FROM "users" WHERE "users"."email" = ? LIMIT ?[0m  [["email", "mail@howtf.com"], ["LIMIT", 1]]
  ↳ app/controllers/users_controller.rb:4:in `register'
  [1m[36mUser Create (0.3ms)[0m  [1m[32mINSERT INTO "users" ("username", "email", "password_digest", "created_at", "updated_at") VALUES (?, ?, ?, ?, ?)[0m  [["username", "daadadad"], ["email", "mail@howtf.com"], ["password_digest", "[FILTERED]"], ["created_at", "2023-03-22 08:46:54.527991"], ["updated_at", "2023-03-22 08:46:54.527991"]]
  ↳ app/controllers/users_controller.rb:4:in `register'
  [1m[36mTRANSACTION (0.6ms)[0m  [1m[36mcommit transaction[0m
  ↳ app/controllers/users_controller.rb:4:in `register'
  [1m[36mUser Exists? (0.1ms)[0m  [1m[34mSELECT 1 AS one FROM "users" WHERE "users"."username" = ? AND "users"."id" != ? LIMIT ?[0m  [["username", "daadadad"], ["id", 3], ["LIMIT", 1]]
  ↳ app/controllers/users_controller.rb:5:in `register'
  [1m[36mUser Exists? (0.1ms)[0m  [1m[34mSELECT 1 AS one FROM "users" WHERE "users"."email" = ? AND "users"."id" != ? LIMIT ?[0m  [["email", "mail@howtf.com"], ["id", 3], ["LIMIT", 1]]
  ↳ app/controllers/users_controller.rb:5:in `register'
Completed 201 Created in 407ms (Views: 0.3ms | ActiveRecord: 1.4ms | Allocations: 4593)


Started POST "/users" for 127.0.0.1 at 2023-03-22 11:47:08 +0300
Processing by UsersController#register as */*
  Parameters: {"username"=>"daadadaad", "email"=>"mail@howtff.com", "password_digest"=>"[FILTERED]", "user"=>{"username"=>"daadadaad", "email"=>"mail@howtff.com", "password_digest"=>"[FILTERED]"}}
[31mUnpermitted parameters: :password_digest, :user. Context: { controller: UsersController, action: register, request: #<ActionDispatch::Request:0x00000001160140e8>, params: {"username"=>"daadadaad", "email"=>"mail@howtff.com", "password_digest"=>"[FILTERED]", "controller"=>"users", "action"=>"register", "user"=>{"username"=>"daadadaad", "email"=>"mail@howtff.com", "password_digest"=>"[FILTERED]"}} }[0m
  [1m[36mTRANSACTION (0.1ms)[0m  [1m[36mbegin transaction[0m
  ↳ app/controllers/users_controller.rb:4:in `register'
  [1m[36mUser Exists? (0.3ms)[0m  [1m[34mSELECT 1 AS one FROM "users" WHERE "users"."username" = ? LIMIT ?[0m  [["username", "daadadaad"], ["LIMIT", 1]]
  ↳ app/controllers/users_controller.rb:4:in `register'
  [1m[36mUser Exists? (0.1ms)[0m  [1m[34mSELECT 1 AS one FROM "users" WHERE "users"."email" = ? LIMIT ?[0m  [["email", "mail@howtff.com"], ["LIMIT", 1]]
  ↳ app/controllers/users_controller.rb:4:in `register'
  [1m[36mTRANSACTION (0.1ms)[0m  [1m[31mrollback transaction[0m
  ↳ app/controllers/users_controller.rb:4:in `register'
  [1m[36mUser Exists? (0.2ms)[0m  [1m[34mSELECT 1 AS one FROM "users" WHERE "users"."username" = ? LIMIT ?[0m  [["username", "daadadaad"], ["LIMIT", 1]]
  ↳ app/controllers/users_controller.rb:5:in `register'
  [1m[36mUser Exists? (0.1ms)[0m  [1m[34mSELECT 1 AS one FROM "users" WHERE "users"."email" = ? LIMIT ?[0m  [["email", "mail@howtff.com"], ["LIMIT", 1]]
  ↳ app/controllers/users_controller.rb:5:in `register'
Completed 422 Unprocessable Entity in 7ms (Views: 0.9ms | ActiveRecord: 0.9ms | Allocations: 4468)


Started POST "/users" for 127.0.0.1 at 2023-03-22 11:47:20 +0300
Processing by UsersController#register as */*
  Parameters: {"username"=>"daadadaad", "email"=>"mail@howtff.com", "password"=>"[FILTERED]", "user"=>{"username"=>"daadadaad", "email"=>"mail@howtff.com"}}
[31mUnpermitted parameter: :user. Context: { controller: UsersController, action: register, request: #<ActionDispatch::Request:0x00000001150c8ff8>, params: {"username"=>"daadadaad", "email"=>"mail@howtff.com", "password"=>"[FILTERED]", "controller"=>"users", "action"=>"register", "user"=>{"username"=>"daadadaad", "email"=>"mail@howtff.com"}} }[0m
  [1m[36mTRANSACTION (0.1ms)[0m  [1m[36mbegin transaction[0m
  ↳ app/controllers/users_controller.rb:4:in `register'
  [1m[36mUser Exists? (0.1ms)[0m  [1m[34mSELECT 1 AS one FROM "users" WHERE "users"."username" = ? LIMIT ?[0m  [["username", "daadadaad"], ["LIMIT", 1]]
  ↳ app/controllers/users_controller.rb:4:in `register'
  [1m[36mUser Exists? (0.1ms)[0m  [1m[34mSELECT 1 AS one FROM "users" WHERE "users"."email" = ? LIMIT ?[0m  [["email", "mail@howtff.com"], ["LIMIT", 1]]
  ↳ app/controllers/users_controller.rb:4:in `register'
  [1m[36mTRANSACTION (0.0ms)[0m  [1m[31mrollback transaction[0m
  ↳ app/controllers/users_controller.rb:4:in `register'
  [1m[36mUser Exists? (0.1ms)[0m  [1m[34mSELECT 1 AS one FROM "users" WHERE "users"."username" = ? LIMIT ?[0m  [["username", "daadadaad"], ["LIMIT", 1]]
  ↳ app/controllers/users_controller.rb:5:in `register'
  [1m[36mUser Exists? (0.1ms)[0m  [1m[34mSELECT 1 AS one FROM "users" WHERE "users"."email" = ? LIMIT ?[0m  [["email", "mail@howtff.com"], ["LIMIT", 1]]
  ↳ app/controllers/users_controller.rb:5:in `register'
Completed 422 Unprocessable Entity in 407ms (Views: 0.6ms | ActiveRecord: 0.4ms | Allocations: 4208)


Started POST "/users" for 127.0.0.1 at 2023-03-22 11:47:25 +0300
Processing by UsersController#register as */*
  Parameters: {"username"=>"daadad", "email"=>"mail@howtff.com", "password"=>"[FILTERED]", "user"=>{"username"=>"daadad", "email"=>"mail@howtff.com"}}
[31mUnpermitted parameter: :user. Context: { controller: UsersController, action: register, request: #<ActionDispatch::Request:0x00000001160a9c38>, params: {"username"=>"daadad", "email"=>"mail@howtff.com", "password"=>"[FILTERED]", "controller"=>"users", "action"=>"register", "user"=>{"username"=>"daadad", "email"=>"mail@howtff.com"}} }[0m
  [1m[36mTRANSACTION (0.0ms)[0m  [1m[36mbegin transaction[0m
  ↳ app/controllers/users_controller.rb:4:in `register'
  [1m[36mUser Exists? (0.1ms)[0m  [1m[34mSELECT 1 AS one FROM "users" WHERE "users"."username" = ? LIMIT ?[0m  [["username", "daadad"], ["LIMIT", 1]]
  ↳ app/controllers/users_controller.rb:4:in `register'
  [1m[36mUser Exists? (0.0ms)[0m  [1m[34mSELECT 1 AS one FROM "users" WHERE "users"."email" = ? LIMIT ?[0m  [["email", "mail@howtff.com"], ["LIMIT", 1]]
  ↳ app/controllers/users_controller.rb:4:in `register'
  [1m[36mUser Create (0.3ms)[0m  [1m[32mINSERT INTO "users" ("username", "email", "password_digest", "created_at", "updated_at") VALUES (?, ?, ?, ?, ?)[0m  [["username", "daadad"], ["email", "mail@howtff.com"], ["password_digest", "[FILTERED]"], ["created_at", "2023-03-22 08:47:25.826018"], ["updated_at", "2023-03-22 08:47:25.826018"]]
  ↳ app/controllers/users_controller.rb:4:in `register'
  [1m[36mTRANSACTION (1.0ms)[0m  [1m[36mcommit transaction[0m
  ↳ app/controllers/users_controller.rb:4:in `register'
  [1m[36mUser Exists? (0.1ms)[0m  [1m[34mSELECT 1 AS one FROM "users" WHERE "users"."username" = ? AND "users"."id" != ? LIMIT ?[0m  [["username", "daadad"], ["id", 4], ["LIMIT", 1]]
  ↳ app/controllers/users_controller.rb:5:in `register'
  [1m[36mUser Exists? (0.1ms)[0m  [1m[34mSELECT 1 AS one FROM "users" WHERE "users"."email" = ? AND "users"."id" != ? LIMIT ?[0m  [["email", "mail@howtff.com"], ["id", 4], ["LIMIT", 1]]
  ↳ app/controllers/users_controller.rb:5:in `register'
Completed 201 Created in 406ms (Views: 0.2ms | ActiveRecord: 1.8ms | Allocations: 4597)


